0 info it worked if it ends with ok
1 verbose cli [ 'C:\\Program Files\\nodejs\\node.exe',
1 verbose cli   'C:\\Program Files\\nodejs\\node_modules\\npm\\bin\\npm-cli.js',
1 verbose cli   'start' ]
2 info using npm@3.10.8
3 info using node@v6.9.1
4 verbose run-script [ 'prestart', 'start', 'poststart' ]
5 info lifecycle test@~prestart: test@
6 silly lifecycle test@~prestart: no script for prestart, continuing
7 info lifecycle test@~start: test@
8 verbose lifecycle test@~start: unsafe-perm in lifecycle true
9 verbose lifecycle test@~start: PATH: C:\Users\ricchi\AppData\Roaming\nvm\v6.9.1\node_modules\npm\bin\node-gyp-bin;C:\Users\ricchi\Downloads\ng2-aot\node_modules\.bin;C:\Program Files\Docker\Docker\Resources\bin;C:\Program Files\Common Files\Microsoft Shared\Microsoft Online Services;C:\Program Files (x86)\Common Files\Microsoft Shared\Microsoft Online Services;C:\WINDOWS\system32;C:\WINDOWS;C:\WINDOWS\System32\Wbem;C:\WINDOWS\System32\WindowsPowerShell\v1.0\;C:\Program Files\Git\cmd;C:\ProgramData\chocolatey\bin;C:\Program Files (x86)\MiKTeX 2.9\miktex\bin\;C:\Program Files\Microsoft SQL Server\120\Tools\Binn\;C:\Program Files\Microsoft SQL Server\130\Tools\Binn\;C:\Program Files (x86)\Microsoft SQL Server\Client SDK\ODBC\130\Tools\Binn\;C:\Program Files (x86)\Microsoft SQL Server\130\Tools\Binn\;C:\Program Files (x86)\Microsoft SQL Server\130\DTS\Binn\;C:\Program Files (x86)\Microsoft SQL Server\130\Tools\Binn\ManagementStudio\;C:\Program Files\Microsoft\Web Platform Installer\;C:\Program Files (x86)\Microsoft VS Code\bin;C:\Users\ricchi\AppData\Local\Pandoc\;C:\Users\ricchi\AppData\Local\Microsoft\WindowsApps;C:\Users\ricchi\AppData\Roaming\npm;C:\Program Files\Docker;C:\Program Files\Microsoft Service Fabric\bin\Fabric\Fabric.Code;C:\Program Files\Microsoft SDKs\Service Fabric\Tools\ServiceFabricLocalClusterManager;C:\Program Files (x86)\Yarn\bin;C:\tools\python2;C:\Users\ricchi\AppData\Roaming\nvm;C:\Program Files\nodejs;C:\Program Files\dotnet\;C:\Program Files (x86)\Microsoft VS Code\bin;C:\Users\ricchi\AppData\Local\Pandoc\;C:\Users\ricchi\AppData\Local\Microsoft\WindowsApps;C:\Users\ricchi\AppData\Local\Yarn\.bin;C:\Users\ricchi\AppData\Roaming\npm;C:\Users\ricchi\AppData\Roaming\nvm;C:\Program Files\nodejs
10 verbose lifecycle test@~start: CWD: C:\Users\ricchi\Downloads\ng2-aot
11 silly lifecycle test@~start: Args: [ '/d /s /c', 'http-server . -p 9000' ]
12 verbose stack Error: kill ENOSYS
12 verbose stack     at exports._errnoException (util.js:1026:11)
12 verbose stack     at process.kill (internal/process.js:172:13)
12 verbose stack     at process.listener (C:\Users\ricchi\AppData\Roaming\nvm\v6.9.1\node_modules\npm\node_modules\npmlog\node_modules\gauge\node_modules\signal-exit\index.js:86:15)
12 verbose stack     at emitNone (events.js:91:20)
12 verbose stack     at process.emit (events.js:185:7)
12 verbose stack     at processEmit (C:\Users\ricchi\AppData\Roaming\nvm\v6.9.1\node_modules\npm\node_modules\npmlog\node_modules\gauge\node_modules\signal-exit\index.js:146:32)
12 verbose stack     at processEmit (C:\Users\ricchi\AppData\Roaming\nvm\v6.9.1\node_modules\npm\node_modules\npm-registry-client\node_modules\npmlog\node_modules\gauge\node_modules\signal-exit\index.js:146:32)
12 verbose stack     at Signal.wrap.onsignal (internal/process.js:199:44)
13 verbose cwd C:\Users\ricchi\Downloads\ng2-aot
14 error Windows_NT 10.0.14393
15 error argv "C:\\Program Files\\nodejs\\node.exe" "C:\\Program Files\\nodejs\\node_modules\\npm\\bin\\npm-cli.js" "start"
16 error node v6.9.1
17 error npm  v3.10.8
18 error code ENOSYS
19 error errno ENOSYS
20 error syscall kill
21 error kill ENOSYS
22 error If you need help, you may report this error at:
22 error     <https://github.com/npm/npm/issues>
23 verbose exit [ 1, true ]
